  main.cpp
main.cpp(711): warning C4018: '<': signed/unsigned mismatch
main.cpp(809): warning C4018: '<': signed/unsigned mismatch
main.cpp(822): warning C4018: '<': signed/unsigned mismatch
main.cpp(841): warning C4018: '<': signed/unsigned mismatch
main.cpp(863): warning C4018: '<': signed/unsigned mismatch
main.cpp(880): warning C4018: '<': signed/unsigned mismatch
main.cpp(1387): warning C4018: '<': signed/unsigned mismatch
main.cpp(1400): warning C4018: '<': signed/unsigned mismatch
main.cpp(1416): warning C4018: '<': signed/unsigned mismatch
main.cpp(1471): warning C4018: '<': signed/unsigned mismatch
main.cpp(1499): warning C4018: '<': signed/unsigned mismatch
  Generating code
  3 of 572 functions ( 0.5%) were compiled, the rest were copied from previous compilation.
    0 functions were new in current compilation
    44 functions had inline decision re-evaluated but remain unchanged
  Finished generating code
  CPSC587ASG1Windows.vcxproj -> C:\Users\Johnny\Desktop\CPSC587ASG1Windows\Release\CPSC587ASG1Windows.exe
  C:\Users\Johnny\Desktop\CPSC587ASG1Windows\CPSC587ASG1Windows\Shaders\fragment.glsl
  C:\Users\Johnny\Desktop\CPSC587ASG1Windows\CPSC587ASG1Windows\Shaders\vertex.glsl
  2 File(s) copied
  C:\Users\Johnny\Desktop\CPSC587ASG1Windows\CPSC587ASG1Windows\track2.txt
  1 File(s) copied
